[debug] ----------------------------------------------------------------------
[debug] Command:      /usr/local/bin/node /usr/local/bin/firebase serve
[debug] CLI Version:  3.4.0
[debug] Platform:     darwin
[debug] Node Version: v4.2.6
[debug] Time:         Fri Mar 03 2017 11:05:18 GMT-0800 (PST)
[debug] ----------------------------------------------------------------------
[debug] 
[info] Starting Firebase development server...
[info] 
[info] Project Directory: /Users/Mark/Documents/hw4_cse134b
[info] Public Directory: public
[info] 
[info] Server listening at: http://localhost:5000
[debug] ----------------------------------------------------------------------
[debug] Command:      /usr/local/bin/node /usr/local/bin/firebase serve
[debug] CLI Version:  3.4.0
[debug] Platform:     darwin
[debug] Node Version: v4.2.6
[debug] Time:         Sat Mar 04 2017 12:55:22 GMT-0800 (PST)
[debug] ----------------------------------------------------------------------
[debug] 
[info] Starting Firebase development server...
[info] 
[info] Project Directory: /Users/Mark/Documents/CSE134B-Winter2017/Assignment 4
[info] Public Directory: public
[info] 
[info] Server listening at: http://localhost:5000
